{"uid":"a9851dc9997d8cc1","name":"Создание тест-кейса с разными входными данными","fullName":"tests.ui.CaseTest.testCaseShouldHasCorrectSpecs","historyId":"574ce81bec433dce44331caa180bd554","time":{"start":1761934745332,"stop":1761934757476,"duration":12144},"status":"failed","statusMessage":"Element not found {.toastui-editor-ww-container .ProseMirror-trailingBreak:first-child}\nExpected: exist\nScreenshot: file:/home/runner/work/QASE/QASE/build/reports/tests/1761934757312.1.png\nPage source: file:/home/runner/work/QASE/QASE/build/reports/tests/1761934757312.1.html\nTimeout: 5 s.\nCaused by: NoSuchElementException: no such element: Unable to locate element: {\"method\":\"css selector\",\"selector\":\".toastui-editor-ww-container .ProseMirror-trailingBreak:first-child\"}","statusTrace":"Element not found {.toastui-editor-ww-container .ProseMirror-trailingBreak:first-child}\nExpected: exist\nScreenshot: file:/home/runner/work/QASE/QASE/build/reports/tests/1761934757312.1.png\nPage source: file:/home/runner/work/QASE/QASE/build/reports/tests/1761934757312.1.html\nTimeout: 5 s.\nCaused by: NoSuchElementException: no such element: Unable to locate element: {\"method\":\"css selector\",\"selector\":\".toastui-editor-ww-container .ProseMirror-trailingBreak:first-child\"}\n\tat com.codeborne.selenide.impl.WebElementSource.createElementNotFoundError(WebElementSource.java:89)\n\tat com.codeborne.selenide.impl.ElementFinder.createElementNotFoundError(ElementFinder.java:129)\n\tat com.codeborne.selenide.impl.ExceptionWrapper.wrap(ExceptionWrapper.java:25)\n\tat com.codeborne.selenide.impl.SelenideElementProxy.dispatchAndRetry(SelenideElementProxy.java:153)\n\tat com.codeborne.selenide.impl.SelenideElementProxy.invoke(SelenideElementProxy.java:83)\n\tat jdk.proxy2/jdk.proxy2.$Proxy45.append(Unknown Source)\n\tat pages.CasePage.fillCreateCaseForm(CasePage.java:58)\n\tat pages.CasePage.creattingTestCase(CasePage.java:74)\n\tat tests.ui.CaseTest.testCaseShouldHasCorrectSpecs(CaseTest.java:73)\n\tat java.base/jdk.internal.reflect.NativeMethodAccessorImpl.invoke0(Native Method)\n\tat java.base/jdk.internal.reflect.NativeMethodAccessorImpl.invoke(NativeMethodAccessorImpl.java:77)\n\tat java.base/jdk.internal.reflect.DelegatingMethodAccessorImpl.invoke(DelegatingMethodAccessorImpl.java:43)\n\tat java.base/java.lang.reflect.Method.invoke(Method.java:569)\n\tat org.testng.internal.invokers.MethodInvocationHelper.invokeMethod(MethodInvocationHelper.java:141)\n\tat org.testng.internal.invokers.TestInvoker.invokeMethod(TestInvoker.java:686)\n\tat org.testng.internal.invokers.TestInvoker.invokeTestMethod(TestInvoker.java:230)\n\tat org.testng.internal.invokers.MethodRunner.runInSequence(MethodRunner.java:63)\n\tat org.testng.internal.invokers.TestInvoker$MethodInvocationAgent.invoke(TestInvoker.java:992)\n\tat org.testng.internal.invokers.TestInvoker.invokeTestMethods(TestInvoker.java:203)\n\tat org.testng.internal.invokers.TestMethodWorker.invokeTestMethods(TestMethodWorker.java:154)\n\tat org.testng.internal.invokers.TestMethodWorker.run(TestMethodWorker.java:134)\n\tat java.base/java.util.ArrayList.forEach(ArrayList.java:1511)\n\tat org.testng.TestRunner.privateRun(TestRunner.java:739)\n\tat org.testng.TestRunner.run(TestRunner.java:614)\n\tat org.testng.SuiteRunner.runTest(SuiteRunner.java:421)\n\tat org.testng.SuiteRunner.runSequentially(SuiteRunner.java:413)\n\tat org.testng.SuiteRunner.privateRun(SuiteRunner.java:373)\n\tat org.testng.SuiteRunner.run(SuiteRunner.java:312)\n\tat org.testng.SuiteRunnerWorker.runSuite(SuiteRunnerWorker.java:52)\n\tat org.testng.SuiteRunnerWorker.run(SuiteRunnerWorker.java:95)\n\tat org.testng.TestNG.runSuitesSequentially(TestNG.java:1274)\n\tat org.testng.TestNG.runSuitesLocally(TestNG.java:1208)\n\tat org.testng.TestNG.runSuites(TestNG.java:1112)\n\tat org.testng.TestNG.run(TestNG.java:1079)\n\tat org.apache.maven.surefire.testng.TestNGExecutor.run(TestNGExecutor.java:155)\n\tat org.apache.maven.surefire.testng.TestNGDirectoryTestSuite.executeMulti(TestNGDirectoryTestSuite.java:169)\n\tat org.apache.maven.surefire.testng.TestNGDirectoryTestSuite.execute(TestNGDirectoryTestSuite.java:88)\n\tat org.apache.maven.surefire.testng.TestNGProvider.invoke(TestNGProvider.java:137)\n\tat org.apache.maven.surefire.booter.ForkedBooter.runSuitesInProcess(ForkedBooter.java:385)\n\tat org.apache.maven.surefire.booter.ForkedBooter.execute(ForkedBooter.java:162)\n\tat org.apache.maven.surefire.booter.ForkedBooter.run(ForkedBooter.java:507)\n\tat org.apache.maven.surefire.booter.ForkedBooter.main(ForkedBooter.java:495)\nCaused by: org.openqa.selenium.NoSuchElementException: no such element: Unable to locate element: {\"method\":\"css selector\",\"selector\":\".toastui-editor-ww-container .ProseMirror-trailingBreak:first-child\"}\n  (Session info: chrome=142.0.7444.59)\nFor documentation on this error, please visit: https://www.selenium.dev/documentation/webdriver/troubleshooting/errors#no-such-element-exception\nBuild info: version: '4.35.0', revision: '1c58e5028b'\nSystem info: os.name: 'Linux', os.arch: 'amd64', os.version: '6.11.0-1018-azure', java.version: '17.0.17'\nDriver info: org.openqa.selenium.chrome.ChromeDriver\nCommand: [2caa7ce83593d59d5661ed129c64bba3, findElement {value=.toastui-editor-ww-container .ProseMirror-trailingBreak:first-child, using=css selector}]\nCapabilities {acceptInsecureCerts: true, browserName: chrome, browserVersion: 142.0.7444.59, chrome: {chromedriverVersion: 142.0.7444.59 (4b8153ab58d3..., userDataDir: /tmp/.org.chromium.Chromium...}, fedcm:accounts: true, goog:chromeOptions: {debuggerAddress: localhost:40281}, goog:processID: 3002, networkConnectionEnabled: false, pageLoadStrategy: normal, platformName: linux, proxy: Proxy(), se:cdp: ws://localhost:40281/devtoo..., se:cdpVersion: 142.0.7444.59, setWindowRect: true, strictFileInteractability: false, timeouts: {implicit: 0, pageLoad: 300000, script: 30000}, unhandledPromptBehavior: accept, webauthn:extension:credBlob: true, webauthn:extension:largeBlob: true, webauthn:extension:minPinLength: true, webauthn:extension:prf: true, webauthn:virtualAuthenticators: true}\nSession ID: 2caa7ce83593d59d5661ed129c64bba3\n\tat jdk.internal.reflect.GeneratedConstructorAccessor75.newInstance(Unknown Source)\n\tat java.base/jdk.internal.reflect.DelegatingConstructorAccessorImpl.newInstance(DelegatingConstructorAccessorImpl.java:45)\n\tat java.base/java.lang.reflect.Constructor.newInstanceWithCaller(Constructor.java:500)\n\tat java.base/java.lang.reflect.Constructor.newInstance(Constructor.java:481)\n\tat org.openqa.selenium.remote.ErrorCodec.decode(ErrorCodec.java:167)\n\tat org.openqa.selenium.remote.codec.w3c.W3CHttpResponseCodec.decode(W3CHttpResponseCodec.java:138)\n\tat org.openqa.selenium.remote.codec.w3c.W3CHttpResponseCodec.decode(W3CHttpResponseCodec.java:50)\n\tat org.openqa.selenium.remote.HttpCommandExecutor.execute(HttpCommandExecutor.java:215)\n\tat org.openqa.selenium.remote.service.DriverCommandExecutor.invokeExecute(DriverCommandExecutor.java:216)\n\tat org.openqa.selenium.remote.service.DriverCommandExecutor.execute(DriverCommandExecutor.java:174)\n\tat org.openqa.selenium.remote.RemoteWebDriver.execute(RemoteWebDriver.java:557)\n\tat org.openqa.selenium.remote.ElementLocation$ElementFinder$2.findElement(ElementLocation.java:165)\n\tat org.openqa.selenium.remote.ElementLocation.findElement(ElementLocation.java:59)\n\tat org.openqa.selenium.remote.RemoteWebDriver.findElement(RemoteWebDriver.java:380)\n\tat org.openqa.selenium.remote.RemoteWebDriver.findElement(RemoteWebDriver.java:374)\n\tat com.codeborne.selenide.impl.WebElementSelector.findElement(WebElementSelector.java:67)\n\tat com.codeborne.selenide.impl.WebElementSelector.findElement(WebElementSelector.java:38)\n\tat com.codeborne.selenide.impl.WebElementSelector.findElement(WebElementSelector.java:29)\n\tat com.codeborne.selenide.impl.ElementFinder.getWebElement(ElementFinder.java:113)\n\tat com.codeborne.selenide.commands.Append.execute(Append.java:13)\n\tat com.codeborne.selenide.FluentCommand.execute(FluentCommand.java:27)\n\tat com.codeborne.selenide.FluentCommand.execute(FluentCommand.java:19)\n\tat com.codeborne.selenide.commands.Commands.execute(Commands.java:160)\n\tat com.codeborne.selenide.impl.SelenideElementProxy.dispatchAndRetry(SelenideElementProxy.java:131)\n\t... 38 more\n","flaky":false,"newFailed":false,"newBroken":false,"newPassed":false,"retriesCount":0,"retriesStatusChange":false,"beforeStages":[{"name":"Environment setup","time":{"start":1761934745329,"stop":1761934745330,"duration":1},"description":"Environment setup","status":"passed","steps":[],"attachments":[],"parameters":[],"stepsCount":0,"shouldDisplayMessage":false,"attachmentsCount":0,"hasContent":false,"attachmentStep":false}],"testStage":{"status":"failed","statusMessage":"Element not found {.toastui-editor-ww-container .ProseMirror-trailingBreak:first-child}\nExpected: exist\nScreenshot: file:/home/runner/work/QASE/QASE/build/reports/tests/1761934757312.1.png\nPage source: file:/home/runner/work/QASE/QASE/build/reports/tests/1761934757312.1.html\nTimeout: 5 s.\nCaused by: NoSuchElementException: no such element: Unable to locate element: {\"method\":\"css selector\",\"selector\":\".toastui-editor-ww-container .ProseMirror-trailingBreak:first-child\"}","statusTrace":"Element not found {.toastui-editor-ww-container .ProseMirror-trailingBreak:first-child}\nExpected: exist\nScreenshot: file:/home/runner/work/QASE/QASE/build/reports/tests/1761934757312.1.png\nPage source: file:/home/runner/work/QASE/QASE/build/reports/tests/1761934757312.1.html\nTimeout: 5 s.\nCaused by: NoSuchElementException: no such element: Unable to locate element: {\"method\":\"css selector\",\"selector\":\".toastui-editor-ww-container .ProseMirror-trailingBreak:first-child\"}\n\tat com.codeborne.selenide.impl.WebElementSource.createElementNotFoundError(WebElementSource.java:89)\n\tat com.codeborne.selenide.impl.ElementFinder.createElementNotFoundError(ElementFinder.java:129)\n\tat com.codeborne.selenide.impl.ExceptionWrapper.wrap(ExceptionWrapper.java:25)\n\tat com.codeborne.selenide.impl.SelenideElementProxy.dispatchAndRetry(SelenideElementProxy.java:153)\n\tat com.codeborne.selenide.impl.SelenideElementProxy.invoke(SelenideElementProxy.java:83)\n\tat jdk.proxy2/jdk.proxy2.$Proxy45.append(Unknown Source)\n\tat pages.CasePage.fillCreateCaseForm(CasePage.java:58)\n\tat pages.CasePage.creattingTestCase(CasePage.java:74)\n\tat tests.ui.CaseTest.testCaseShouldHasCorrectSpecs(CaseTest.java:73)\n\tat java.base/jdk.internal.reflect.NativeMethodAccessorImpl.invoke0(Native Method)\n\tat java.base/jdk.internal.reflect.NativeMethodAccessorImpl.invoke(NativeMethodAccessorImpl.java:77)\n\tat java.base/jdk.internal.reflect.DelegatingMethodAccessorImpl.invoke(DelegatingMethodAccessorImpl.java:43)\n\tat java.base/java.lang.reflect.Method.invoke(Method.java:569)\n\tat org.testng.internal.invokers.MethodInvocationHelper.invokeMethod(MethodInvocationHelper.java:141)\n\tat org.testng.internal.invokers.TestInvoker.invokeMethod(TestInvoker.java:686)\n\tat org.testng.internal.invokers.TestInvoker.invokeTestMethod(TestInvoker.java:230)\n\tat org.testng.internal.invokers.MethodRunner.runInSequence(MethodRunner.java:63)\n\tat org.testng.internal.invokers.TestInvoker$MethodInvocationAgent.invoke(TestInvoker.java:992)\n\tat org.testng.internal.invokers.TestInvoker.invokeTestMethods(TestInvoker.java:203)\n\tat org.testng.internal.invokers.TestMethodWorker.invokeTestMethods(TestMethodWorker.java:154)\n\tat org.testng.internal.invokers.TestMethodWorker.run(TestMethodWorker.java:134)\n\tat java.base/java.util.ArrayList.forEach(ArrayList.java:1511)\n\tat org.testng.TestRunner.privateRun(TestRunner.java:739)\n\tat org.testng.TestRunner.run(TestRunner.java:614)\n\tat org.testng.SuiteRunner.runTest(SuiteRunner.java:421)\n\tat org.testng.SuiteRunner.runSequentially(SuiteRunner.java:413)\n\tat org.testng.SuiteRunner.privateRun(SuiteRunner.java:373)\n\tat org.testng.SuiteRunner.run(SuiteRunner.java:312)\n\tat org.testng.SuiteRunnerWorker.runSuite(SuiteRunnerWorker.java:52)\n\tat org.testng.SuiteRunnerWorker.run(SuiteRunnerWorker.java:95)\n\tat org.testng.TestNG.runSuitesSequentially(TestNG.java:1274)\n\tat org.testng.TestNG.runSuitesLocally(TestNG.java:1208)\n\tat org.testng.TestNG.runSuites(TestNG.java:1112)\n\tat org.testng.TestNG.run(TestNG.java:1079)\n\tat org.apache.maven.surefire.testng.TestNGExecutor.run(TestNGExecutor.java:155)\n\tat org.apache.maven.surefire.testng.TestNGDirectoryTestSuite.executeMulti(TestNGDirectoryTestSuite.java:169)\n\tat org.apache.maven.surefire.testng.TestNGDirectoryTestSuite.execute(TestNGDirectoryTestSuite.java:88)\n\tat org.apache.maven.surefire.testng.TestNGProvider.invoke(TestNGProvider.java:137)\n\tat org.apache.maven.surefire.booter.ForkedBooter.runSuitesInProcess(ForkedBooter.java:385)\n\tat org.apache.maven.surefire.booter.ForkedBooter.execute(ForkedBooter.java:162)\n\tat org.apache.maven.surefire.booter.ForkedBooter.run(ForkedBooter.java:507)\n\tat org.apache.maven.surefire.booter.ForkedBooter.main(ForkedBooter.java:495)\nCaused by: org.openqa.selenium.NoSuchElementException: no such element: Unable to locate element: {\"method\":\"css selector\",\"selector\":\".toastui-editor-ww-container .ProseMirror-trailingBreak:first-child\"}\n  (Session info: chrome=142.0.7444.59)\nFor documentation on this error, please visit: https://www.selenium.dev/documentation/webdriver/troubleshooting/errors#no-such-element-exception\nBuild info: version: '4.35.0', revision: '1c58e5028b'\nSystem info: os.name: 'Linux', os.arch: 'amd64', os.version: '6.11.0-1018-azure', java.version: '17.0.17'\nDriver info: org.openqa.selenium.chrome.ChromeDriver\nCommand: [2caa7ce83593d59d5661ed129c64bba3, findElement {value=.toastui-editor-ww-container .ProseMirror-trailingBreak:first-child, using=css selector}]\nCapabilities {acceptInsecureCerts: true, browserName: chrome, browserVersion: 142.0.7444.59, chrome: {chromedriverVersion: 142.0.7444.59 (4b8153ab58d3..., userDataDir: /tmp/.org.chromium.Chromium...}, fedcm:accounts: true, goog:chromeOptions: {debuggerAddress: localhost:40281}, goog:processID: 3002, networkConnectionEnabled: false, pageLoadStrategy: normal, platformName: linux, proxy: Proxy(), se:cdp: ws://localhost:40281/devtoo..., se:cdpVersion: 142.0.7444.59, setWindowRect: true, strictFileInteractability: false, timeouts: {implicit: 0, pageLoad: 300000, script: 30000}, unhandledPromptBehavior: accept, webauthn:extension:credBlob: true, webauthn:extension:largeBlob: true, webauthn:extension:minPinLength: true, webauthn:extension:prf: true, webauthn:virtualAuthenticators: true}\nSession ID: 2caa7ce83593d59d5661ed129c64bba3\n\tat jdk.internal.reflect.GeneratedConstructorAccessor75.newInstance(Unknown Source)\n\tat java.base/jdk.internal.reflect.DelegatingConstructorAccessorImpl.newInstance(DelegatingConstructorAccessorImpl.java:45)\n\tat java.base/java.lang.reflect.Constructor.newInstanceWithCaller(Constructor.java:500)\n\tat java.base/java.lang.reflect.Constructor.newInstance(Constructor.java:481)\n\tat org.openqa.selenium.remote.ErrorCodec.decode(ErrorCodec.java:167)\n\tat org.openqa.selenium.remote.codec.w3c.W3CHttpResponseCodec.decode(W3CHttpResponseCodec.java:138)\n\tat org.openqa.selenium.remote.codec.w3c.W3CHttpResponseCodec.decode(W3CHttpResponseCodec.java:50)\n\tat org.openqa.selenium.remote.HttpCommandExecutor.execute(HttpCommandExecutor.java:215)\n\tat org.openqa.selenium.remote.service.DriverCommandExecutor.invokeExecute(DriverCommandExecutor.java:216)\n\tat org.openqa.selenium.remote.service.DriverCommandExecutor.execute(DriverCommandExecutor.java:174)\n\tat org.openqa.selenium.remote.RemoteWebDriver.execute(RemoteWebDriver.java:557)\n\tat org.openqa.selenium.remote.ElementLocation$ElementFinder$2.findElement(ElementLocation.java:165)\n\tat org.openqa.selenium.remote.ElementLocation.findElement(ElementLocation.java:59)\n\tat org.openqa.selenium.remote.RemoteWebDriver.findElement(RemoteWebDriver.java:380)\n\tat org.openqa.selenium.remote.RemoteWebDriver.findElement(RemoteWebDriver.java:374)\n\tat com.codeborne.selenide.impl.WebElementSelector.findElement(WebElementSelector.java:67)\n\tat com.codeborne.selenide.impl.WebElementSelector.findElement(WebElementSelector.java:38)\n\tat com.codeborne.selenide.impl.WebElementSelector.findElement(WebElementSelector.java:29)\n\tat com.codeborne.selenide.impl.ElementFinder.getWebElement(ElementFinder.java:113)\n\tat com.codeborne.selenide.commands.Append.execute(Append.java:13)\n\tat com.codeborne.selenide.FluentCommand.execute(FluentCommand.java:27)\n\tat com.codeborne.selenide.FluentCommand.execute(FluentCommand.java:19)\n\tat com.codeborne.selenide.commands.Commands.execute(Commands.java:160)\n\tat com.codeborne.selenide.impl.SelenideElementProxy.dispatchAndRetry(SelenideElementProxy.java:131)\n\t... 38 more\n","steps":[{"name":"Авторизация и открытие страницы Projects","time":{"start":1761934745332,"stop":1761934750220,"duration":4888},"status":"passed","steps":[{"name":"Открытие страницы авторизации","time":{"start":1761934745332,"stop":1761934746891,"duration":1559},"status":"passed","steps":[{"name":"$(\"open\") https://app.qase.io/login","time":{"start":1761934745332,"stop":1761934746891,"duration":1559},"status":"passed","steps":[{"name":"$(\"webdriver\") create()","time":{"start":1761934745332,"stop":1761934745591,"duration":259},"status":"passed","steps":[],"attachments":[],"parameters":[],"stepsCount":0,"shouldDisplayMessage":false,"attachmentsCount":0,"hasContent":false,"attachmentStep":false}],"attachments":[],"parameters":[],"stepsCount":1,"shouldDisplayMessage":false,"attachmentsCount":0,"hasContent":true,"attachmentStep":false}],"attachments":[],"parameters":[],"stepsCount":2,"shouldDisplayMessage":false,"attachmentsCount":0,"hasContent":true,"attachmentStep":false},{"name":"Авторизация под валидными данными","time":{"start":1761934746891,"stop":1761934747199,"duration":308},"status":"passed","steps":[{"name":"$(\"[name=email]\") should be(visible)","time":{"start":1761934746891,"stop":1761934746910,"duration":19},"status":"passed","steps":[],"attachments":[],"parameters":[],"stepsCount":0,"shouldDisplayMessage":false,"attachmentsCount":0,"hasContent":false,"attachmentStep":false},{"name":"$(\"[name=email]\") set value(viktoriaportnenko@gmail.com)","time":{"start":1761934746910,"stop":1761934747027,"duration":117},"status":"passed","steps":[],"attachments":[],"parameters":[],"stepsCount":0,"shouldDisplayMessage":false,"attachmentsCount":0,"hasContent":false,"attachmentStep":false},{"name":"$(\"[name='password']\") set value(w.7U4g9PJW-CQY@)","time":{"start":1761934747028,"stop":1761934747156,"duration":128},"status":"passed","steps":[],"attachments":[],"parameters":[],"stepsCount":0,"shouldDisplayMessage":false,"attachmentsCount":0,"hasContent":false,"attachmentStep":false},{"name":"$(\"[name='password']\") submit()","time":{"start":1761934747157,"stop":1761934747199,"duration":42},"status":"passed","steps":[],"attachments":[],"parameters":[],"stepsCount":0,"shouldDisplayMessage":false,"attachmentsCount":0,"hasContent":false,"attachmentStep":false}],"attachments":[],"parameters":[{"name":"user","value":"viktoriaportnenko@gmail.com"},{"name":"password","value":"w.7U4g9PJW-CQY@"}],"stepsCount":4,"shouldDisplayMessage":false,"attachmentsCount":0,"hasContent":true,"attachmentStep":false},{"name":"Ожидание загрузки страницы проектов","time":{"start":1761934747199,"stop":1761934750220,"duration":3021},"status":"passed","steps":[{"name":"$(\"by text: Create new project\") should be([visible, 90 s.])","time":{"start":1761934747200,"stop":1761934750219,"duration":3019},"status":"passed","steps":[],"attachments":[],"parameters":[],"stepsCount":0,"shouldDisplayMessage":false,"attachmentsCount":0,"hasContent":false,"attachmentStep":false}],"attachments":[],"parameters":[],"stepsCount":1,"shouldDisplayMessage":false,"attachmentsCount":0,"hasContent":true,"attachmentStep":false}],"attachments":[],"parameters":[],"stepsCount":10,"shouldDisplayMessage":false,"attachmentsCount":0,"hasContent":true,"attachmentStep":false},{"name":"Создание нового проекта с именем: 'TMS'","time":{"start":1761934750220,"stop":1761934750465,"duration":245},"status":"passed","steps":[{"name":"$(\"by text: Create new project\") click()","time":{"start":1761934750220,"stop":1761934750288,"duration":68},"status":"passed","steps":[],"attachments":[],"parameters":[],"stepsCount":0,"shouldDisplayMessage":false,"attachmentsCount":0,"hasContent":false,"attachmentStep":false},{"name":"$(\"#project-name\") set value(TMS)","time":{"start":1761934750289,"stop":1761934750373,"duration":84},"status":"passed","steps":[],"attachments":[],"parameters":[],"stepsCount":0,"shouldDisplayMessage":false,"attachmentsCount":0,"hasContent":false,"attachmentStep":false},{"name":"$(\"input[value='public']\") click()","time":{"start":1761934750373,"stop":1761934750411,"duration":38},"status":"passed","steps":[],"attachments":[],"parameters":[],"stepsCount":0,"shouldDisplayMessage":false,"attachmentsCount":0,"hasContent":false,"attachmentStep":false},{"name":"$(\"input[value='public']\") should be(selected)","time":{"start":1761934750412,"stop":1761934750428,"duration":16},"status":"passed","steps":[],"attachments":[],"parameters":[],"stepsCount":0,"shouldDisplayMessage":false,"attachmentsCount":0,"hasContent":false,"attachmentStep":false},{"name":"$(\"by text: Create project\") click()","time":{"start":1761934750428,"stop":1761934750465,"duration":37},"status":"passed","steps":[],"attachments":[],"parameters":[],"stepsCount":0,"shouldDisplayMessage":false,"attachmentsCount":0,"hasContent":false,"attachmentStep":false}],"attachments":[],"parameters":[{"name":"project","value":"TMS"}],"stepsCount":5,"shouldDisplayMessage":false,"attachmentsCount":0,"hasContent":true,"attachmentStep":false},{"name":"Создание нового тест-кейса через UI","time":{"start":1761934750466,"stop":1761934757475,"duration":7009},"status":"failed","statusMessage":"Element not found {.toastui-editor-ww-container .ProseMirror-trailingBreak:first-child}\nExpected: exist\nScreenshot: file:/home/runner/work/QASE/QASE/build/reports/tests/1761934757312.1.png\nPage source: file:/home/runner/work/QASE/QASE/build/reports/tests/1761934757312.1.html\nTimeout: 5 s.\nCaused by: NoSuchElementException: no such element: Unable to locate element: {\"method\":\"css selector\",\"selector\":\".toastui-editor-ww-container .ProseMirror-trailingBreak:first-child\"}","statusTrace":"Element not found {.toastui-editor-ww-container .ProseMirror-trailingBreak:first-child}\nExpected: exist\nScreenshot: file:/home/runner/work/QASE/QASE/build/reports/tests/1761934757312.1.png\nPage source: file:/home/runner/work/QASE/QASE/build/reports/tests/1761934757312.1.html\nTimeout: 5 s.\nCaused by: NoSuchElementException: no such element: Unable to locate element: {\"method\":\"css selector\",\"selector\":\".toastui-editor-ww-container .ProseMirror-trailingBreak:first-child\"}\n\tat com.codeborne.selenide.impl.WebElementSource.createElementNotFoundError(WebElementSource.java:89)\n\tat com.codeborne.selenide.impl.ElementFinder.createElementNotFoundError(ElementFinder.java:129)\n\tat com.codeborne.selenide.impl.ExceptionWrapper.wrap(ExceptionWrapper.java:25)\n\tat com.codeborne.selenide.impl.SelenideElementProxy.dispatchAndRetry(SelenideElementProxy.java:153)\n\tat com.codeborne.selenide.impl.SelenideElementProxy.invoke(SelenideElementProxy.java:83)\n\tat jdk.proxy2/jdk.proxy2.$Proxy45.append(Unknown Source)\n\tat pages.CasePage.fillCreateCaseForm(CasePage.java:58)\n\tat pages.CasePage.creattingTestCase(CasePage.java:74)\n\tat tests.ui.CaseTest.testCaseShouldHasCorrectSpecs(CaseTest.java:73)\n\tat java.base/jdk.internal.reflect.NativeMethodAccessorImpl.invoke0(Native Method)\n\tat java.base/jdk.internal.reflect.NativeMethodAccessorImpl.invoke(NativeMethodAccessorImpl.java:77)\n\tat java.base/jdk.internal.reflect.DelegatingMethodAccessorImpl.invoke(DelegatingMethodAccessorImpl.java:43)\n\tat java.base/java.lang.reflect.Method.invoke(Method.java:569)\n\tat org.testng.internal.invokers.MethodInvocationHelper.invokeMethod(MethodInvocationHelper.java:141)\n\tat org.testng.internal.invokers.TestInvoker.invokeMethod(TestInvoker.java:686)\n\tat org.testng.internal.invokers.TestInvoker.invokeTestMethod(TestInvoker.java:230)\n\tat org.testng.internal.invokers.MethodRunner.runInSequence(MethodRunner.java:63)\n\tat org.testng.internal.invokers.TestInvoker$MethodInvocationAgent.invoke(TestInvoker.java:992)\n\tat org.testng.internal.invokers.TestInvoker.invokeTestMethods(TestInvoker.java:203)\n\tat org.testng.internal.invokers.TestMethodWorker.invokeTestMethods(TestMethodWorker.java:154)\n\tat org.testng.internal.invokers.TestMethodWorker.run(TestMethodWorker.java:134)\n\tat java.base/java.util.ArrayList.forEach(ArrayList.java:1511)\n\tat org.testng.TestRunner.privateRun(TestRunner.java:739)\n\tat org.testng.TestRunner.run(TestRunner.java:614)\n\tat org.testng.SuiteRunner.runTest(SuiteRunner.java:421)\n\tat org.testng.SuiteRunner.runSequentially(SuiteRunner.java:413)\n\tat org.testng.SuiteRunner.privateRun(SuiteRunner.java:373)\n\tat org.testng.SuiteRunner.run(SuiteRunner.java:312)\n\tat org.testng.SuiteRunnerWorker.runSuite(SuiteRunnerWorker.java:52)\n\tat org.testng.SuiteRunnerWorker.run(SuiteRunnerWorker.java:95)\n\tat org.testng.TestNG.runSuitesSequentially(TestNG.java:1274)\n\tat org.testng.TestNG.runSuitesLocally(TestNG.java:1208)\n\tat org.testng.TestNG.runSuites(TestNG.java:1112)\n\tat org.testng.TestNG.run(TestNG.java:1079)\n\tat org.apache.maven.surefire.testng.TestNGExecutor.run(TestNGExecutor.java:155)\n\tat org.apache.maven.surefire.testng.TestNGDirectoryTestSuite.executeMulti(TestNGDirectoryTestSuite.java:169)\n\tat org.apache.maven.surefire.testng.TestNGDirectoryTestSuite.execute(TestNGDirectoryTestSuite.java:88)\n\tat org.apache.maven.surefire.testng.TestNGProvider.invoke(TestNGProvider.java:137)\n\tat org.apache.maven.surefire.booter.ForkedBooter.runSuitesInProcess(ForkedBooter.java:385)\n\tat org.apache.maven.surefire.booter.ForkedBooter.execute(ForkedBooter.java:162)\n\tat org.apache.maven.surefire.booter.ForkedBooter.run(ForkedBooter.java:507)\n\tat org.apache.maven.surefire.booter.ForkedBooter.main(ForkedBooter.java:495)\nCaused by: org.openqa.selenium.NoSuchElementException: no such element: Unable to locate element: {\"method\":\"css selector\",\"selector\":\".toastui-editor-ww-container .ProseMirror-trailingBreak:first-child\"}\n  (Session info: chrome=142.0.7444.59)\nFor documentation on this error, please visit: https://www.selenium.dev/documentation/webdriver/troubleshooting/errors#no-such-element-exception\nBuild info: version: '4.35.0', revision: '1c58e5028b'\nSystem info: os.name: 'Linux', os.arch: 'amd64', os.version: '6.11.0-1018-azure', java.version: '17.0.17'\nDriver info: org.openqa.selenium.chrome.ChromeDriver\nCommand: [2caa7ce83593d59d5661ed129c64bba3, findElement {value=.toastui-editor-ww-container .ProseMirror-trailingBreak:first-child, using=css selector}]\nCapabilities {acceptInsecureCerts: true, browserName: chrome, browserVersion: 142.0.7444.59, chrome: {chromedriverVersion: 142.0.7444.59 (4b8153ab58d3..., userDataDir: /tmp/.org.chromium.Chromium...}, fedcm:accounts: true, goog:chromeOptions: {debuggerAddress: localhost:40281}, goog:processID: 3002, networkConnectionEnabled: false, pageLoadStrategy: normal, platformName: linux, proxy: Proxy(), se:cdp: ws://localhost:40281/devtoo..., se:cdpVersion: 142.0.7444.59, setWindowRect: true, strictFileInteractability: false, timeouts: {implicit: 0, pageLoad: 300000, script: 30000}, unhandledPromptBehavior: accept, webauthn:extension:credBlob: true, webauthn:extension:largeBlob: true, webauthn:extension:minPinLength: true, webauthn:extension:prf: true, webauthn:virtualAuthenticators: true}\nSession ID: 2caa7ce83593d59d5661ed129c64bba3\n\tat jdk.internal.reflect.GeneratedConstructorAccessor75.newInstance(Unknown Source)\n\tat java.base/jdk.internal.reflect.DelegatingConstructorAccessorImpl.newInstance(DelegatingConstructorAccessorImpl.java:45)\n\tat java.base/java.lang.reflect.Constructor.newInstanceWithCaller(Constructor.java:500)\n\tat java.base/java.lang.reflect.Constructor.newInstance(Constructor.java:481)\n\tat org.openqa.selenium.remote.ErrorCodec.decode(ErrorCodec.java:167)\n\tat org.openqa.selenium.remote.codec.w3c.W3CHttpResponseCodec.decode(W3CHttpResponseCodec.java:138)\n\tat org.openqa.selenium.remote.codec.w3c.W3CHttpResponseCodec.decode(W3CHttpResponseCodec.java:50)\n\tat org.openqa.selenium.remote.HttpCommandExecutor.execute(HttpCommandExecutor.java:215)\n\tat org.openqa.selenium.remote.service.DriverCommandExecutor.invokeExecute(DriverCommandExecutor.java:216)\n\tat org.openqa.selenium.remote.service.DriverCommandExecutor.execute(DriverCommandExecutor.java:174)\n\tat org.openqa.selenium.remote.RemoteWebDriver.execute(RemoteWebDriver.java:557)\n\tat org.openqa.selenium.remote.ElementLocation$ElementFinder$2.findElement(ElementLocation.java:165)\n\tat org.openqa.selenium.remote.ElementLocation.findElement(ElementLocation.java:59)\n\tat org.openqa.selenium.remote.RemoteWebDriver.findElement(RemoteWebDriver.java:380)\n\tat org.openqa.selenium.remote.RemoteWebDriver.findElement(RemoteWebDriver.java:374)\n\tat com.codeborne.selenide.impl.WebElementSelector.findElement(WebElementSelector.java:67)\n\tat com.codeborne.selenide.impl.WebElementSelector.findElement(WebElementSelector.java:38)\n\tat com.codeborne.selenide.impl.WebElementSelector.findElement(WebElementSelector.java:29)\n\tat com.codeborne.selenide.impl.ElementFinder.getWebElement(ElementFinder.java:113)\n\tat com.codeborne.selenide.commands.Append.execute(Append.java:13)\n\tat com.codeborne.selenide.FluentCommand.execute(FluentCommand.java:27)\n\tat com.codeborne.selenide.FluentCommand.execute(FluentCommand.java:19)\n\tat com.codeborne.selenide.commands.Commands.execute(Commands.java:160)\n\tat com.codeborne.selenide.impl.SelenideElementProxy.dispatchAndRetry(SelenideElementProxy.java:131)\n\t... 38 more\n","steps":[{"name":"Открытие страницы создания тест-кейса","time":{"start":1761934750466,"stop":1761934752016,"duration":1550},"status":"passed","steps":[{"name":"$(\"by text: New test\") should be([visible, 60 s.])","time":{"start":1761934750466,"stop":1761934751669,"duration":1203},"status":"passed","steps":[],"attachments":[],"parameters":[],"stepsCount":0,"shouldDisplayMessage":false,"attachmentsCount":0,"hasContent":false,"attachmentStep":false},{"name":"$(\"by text: New test\") click()","time":{"start":1761934751669,"stop":1761934751707,"duration":38},"status":"passed","steps":[],"attachments":[],"parameters":[],"stepsCount":0,"shouldDisplayMessage":false,"attachmentsCount":0,"hasContent":false,"attachmentStep":false},{"name":"$(\"by text: Title\") should be(visible)","time":{"start":1761934751708,"stop":1761934752016,"duration":308},"status":"passed","steps":[],"attachments":[],"parameters":[],"stepsCount":0,"shouldDisplayMessage":false,"attachmentsCount":0,"hasContent":false,"attachmentStep":false}],"attachments":[],"parameters":[],"stepsCount":3,"shouldDisplayMessage":false,"attachmentsCount":0,"hasContent":true,"attachmentStep":false},{"name":"Заполнение формы тест-кейса данными: TestCase(title=Test Case 1, status=Draft, description=Description, suite=null, severity=Blocker, priority=High, type=Functional, layer=null, isFlaky=true, behavior=Positive, automationStatus=Manual, preconditions=null, postconditions=null, tags=null, attachments=null, steps=null)","time":{"start":1761934752016,"stop":1761934757475,"duration":5459},"status":"failed","statusMessage":"Element not found {.toastui-editor-ww-container .ProseMirror-trailingBreak:first-child}\nExpected: exist\nScreenshot: file:/home/runner/work/QASE/QASE/build/reports/tests/1761934757312.1.png\nPage source: file:/home/runner/work/QASE/QASE/build/reports/tests/1761934757312.1.html\nTimeout: 5 s.\nCaused by: NoSuchElementException: no such element: Unable to locate element: {\"method\":\"css selector\",\"selector\":\".toastui-editor-ww-container .ProseMirror-trailingBreak:first-child\"}","statusTrace":"Element not found {.toastui-editor-ww-container .ProseMirror-trailingBreak:first-child}\nExpected: exist\nScreenshot: file:/home/runner/work/QASE/QASE/build/reports/tests/1761934757312.1.png\nPage source: file:/home/runner/work/QASE/QASE/build/reports/tests/1761934757312.1.html\nTimeout: 5 s.\nCaused by: NoSuchElementException: no such element: Unable to locate element: {\"method\":\"css selector\",\"selector\":\".toastui-editor-ww-container .ProseMirror-trailingBreak:first-child\"}\n\tat com.codeborne.selenide.impl.WebElementSource.createElementNotFoundError(WebElementSource.java:89)\n\tat com.codeborne.selenide.impl.ElementFinder.createElementNotFoundError(ElementFinder.java:129)\n\tat com.codeborne.selenide.impl.ExceptionWrapper.wrap(ExceptionWrapper.java:25)\n\tat com.codeborne.selenide.impl.SelenideElementProxy.dispatchAndRetry(SelenideElementProxy.java:153)\n\tat com.codeborne.selenide.impl.SelenideElementProxy.invoke(SelenideElementProxy.java:83)\n\tat jdk.proxy2/jdk.proxy2.$Proxy45.append(Unknown Source)\n\tat pages.CasePage.fillCreateCaseForm(CasePage.java:58)\n\tat pages.CasePage.creattingTestCase(CasePage.java:74)\n\tat tests.ui.CaseTest.testCaseShouldHasCorrectSpecs(CaseTest.java:73)\n\tat java.base/jdk.internal.reflect.NativeMethodAccessorImpl.invoke0(Native Method)\n\tat java.base/jdk.internal.reflect.NativeMethodAccessorImpl.invoke(NativeMethodAccessorImpl.java:77)\n\tat java.base/jdk.internal.reflect.DelegatingMethodAccessorImpl.invoke(DelegatingMethodAccessorImpl.java:43)\n\tat java.base/java.lang.reflect.Method.invoke(Method.java:569)\n\tat org.testng.internal.invokers.MethodInvocationHelper.invokeMethod(MethodInvocationHelper.java:141)\n\tat org.testng.internal.invokers.TestInvoker.invokeMethod(TestInvoker.java:686)\n\tat org.testng.internal.invokers.TestInvoker.invokeTestMethod(TestInvoker.java:230)\n\tat org.testng.internal.invokers.MethodRunner.runInSequence(MethodRunner.java:63)\n\tat org.testng.internal.invokers.TestInvoker$MethodInvocationAgent.invoke(TestInvoker.java:992)\n\tat org.testng.internal.invokers.TestInvoker.invokeTestMethods(TestInvoker.java:203)\n\tat org.testng.internal.invokers.TestMethodWorker.invokeTestMethods(TestMethodWorker.java:154)\n\tat org.testng.internal.invokers.TestMethodWorker.run(TestMethodWorker.java:134)\n\tat java.base/java.util.ArrayList.forEach(ArrayList.java:1511)\n\tat org.testng.TestRunner.privateRun(TestRunner.java:739)\n\tat org.testng.TestRunner.run(TestRunner.java:614)\n\tat org.testng.SuiteRunner.runTest(SuiteRunner.java:421)\n\tat org.testng.SuiteRunner.runSequentially(SuiteRunner.java:413)\n\tat org.testng.SuiteRunner.privateRun(SuiteRunner.java:373)\n\tat org.testng.SuiteRunner.run(SuiteRunner.java:312)\n\tat org.testng.SuiteRunnerWorker.runSuite(SuiteRunnerWorker.java:52)\n\tat org.testng.SuiteRunnerWorker.run(SuiteRunnerWorker.java:95)\n\tat org.testng.TestNG.runSuitesSequentially(TestNG.java:1274)\n\tat org.testng.TestNG.runSuitesLocally(TestNG.java:1208)\n\tat org.testng.TestNG.runSuites(TestNG.java:1112)\n\tat org.testng.TestNG.run(TestNG.java:1079)\n\tat org.apache.maven.surefire.testng.TestNGExecutor.run(TestNGExecutor.java:155)\n\tat org.apache.maven.surefire.testng.TestNGDirectoryTestSuite.executeMulti(TestNGDirectoryTestSuite.java:169)\n\tat org.apache.maven.surefire.testng.TestNGDirectoryTestSuite.execute(TestNGDirectoryTestSuite.java:88)\n\tat org.apache.maven.surefire.testng.TestNGProvider.invoke(TestNGProvider.java:137)\n\tat org.apache.maven.surefire.booter.ForkedBooter.runSuitesInProcess(ForkedBooter.java:385)\n\tat org.apache.maven.surefire.booter.ForkedBooter.execute(ForkedBooter.java:162)\n\tat org.apache.maven.surefire.booter.ForkedBooter.run(ForkedBooter.java:507)\n\tat org.apache.maven.surefire.booter.ForkedBooter.main(ForkedBooter.java:495)\nCaused by: org.openqa.selenium.NoSuchElementException: no such element: Unable to locate element: {\"method\":\"css selector\",\"selector\":\".toastui-editor-ww-container .ProseMirror-trailingBreak:first-child\"}\n  (Session info: chrome=142.0.7444.59)\nFor documentation on this error, please visit: https://www.selenium.dev/documentation/webdriver/troubleshooting/errors#no-such-element-exception\nBuild info: version: '4.35.0', revision: '1c58e5028b'\nSystem info: os.name: 'Linux', os.arch: 'amd64', os.version: '6.11.0-1018-azure', java.version: '17.0.17'\nDriver info: org.openqa.selenium.chrome.ChromeDriver\nCommand: [2caa7ce83593d59d5661ed129c64bba3, findElement {value=.toastui-editor-ww-container .ProseMirror-trailingBreak:first-child, using=css selector}]\nCapabilities {acceptInsecureCerts: true, browserName: chrome, browserVersion: 142.0.7444.59, chrome: {chromedriverVersion: 142.0.7444.59 (4b8153ab58d3..., userDataDir: /tmp/.org.chromium.Chromium...}, fedcm:accounts: true, goog:chromeOptions: {debuggerAddress: localhost:40281}, goog:processID: 3002, networkConnectionEnabled: false, pageLoadStrategy: normal, platformName: linux, proxy: Proxy(), se:cdp: ws://localhost:40281/devtoo..., se:cdpVersion: 142.0.7444.59, setWindowRect: true, strictFileInteractability: false, timeouts: {implicit: 0, pageLoad: 300000, script: 30000}, unhandledPromptBehavior: accept, webauthn:extension:credBlob: true, webauthn:extension:largeBlob: true, webauthn:extension:minPinLength: true, webauthn:extension:prf: true, webauthn:virtualAuthenticators: true}\nSession ID: 2caa7ce83593d59d5661ed129c64bba3\n\tat jdk.internal.reflect.GeneratedConstructorAccessor75.newInstance(Unknown Source)\n\tat java.base/jdk.internal.reflect.DelegatingConstructorAccessorImpl.newInstance(DelegatingConstructorAccessorImpl.java:45)\n\tat java.base/java.lang.reflect.Constructor.newInstanceWithCaller(Constructor.java:500)\n\tat java.base/java.lang.reflect.Constructor.newInstance(Constructor.java:481)\n\tat org.openqa.selenium.remote.ErrorCodec.decode(ErrorCodec.java:167)\n\tat org.openqa.selenium.remote.codec.w3c.W3CHttpResponseCodec.decode(W3CHttpResponseCodec.java:138)\n\tat org.openqa.selenium.remote.codec.w3c.W3CHttpResponseCodec.decode(W3CHttpResponseCodec.java:50)\n\tat org.openqa.selenium.remote.HttpCommandExecutor.execute(HttpCommandExecutor.java:215)\n\tat org.openqa.selenium.remote.service.DriverCommandExecutor.invokeExecute(DriverCommandExecutor.java:216)\n\tat org.openqa.selenium.remote.service.DriverCommandExecutor.execute(DriverCommandExecutor.java:174)\n\tat org.openqa.selenium.remote.RemoteWebDriver.execute(RemoteWebDriver.java:557)\n\tat org.openqa.selenium.remote.ElementLocation$ElementFinder$2.findElement(ElementLocation.java:165)\n\tat org.openqa.selenium.remote.ElementLocation.findElement(ElementLocation.java:59)\n\tat org.openqa.selenium.remote.RemoteWebDriver.findElement(RemoteWebDriver.java:380)\n\tat org.openqa.selenium.remote.RemoteWebDriver.findElement(RemoteWebDriver.java:374)\n\tat com.codeborne.selenide.impl.WebElementSelector.findElement(WebElementSelector.java:67)\n\tat com.codeborne.selenide.impl.WebElementSelector.findElement(WebElementSelector.java:38)\n\tat com.codeborne.selenide.impl.WebElementSelector.findElement(WebElementSelector.java:29)\n\tat com.codeborne.selenide.impl.ElementFinder.getWebElement(ElementFinder.java:113)\n\tat com.codeborne.selenide.commands.Append.execute(Append.java:13)\n\tat com.codeborne.selenide.FluentCommand.execute(FluentCommand.java:27)\n\tat com.codeborne.selenide.FluentCommand.execute(FluentCommand.java:19)\n\tat com.codeborne.selenide.commands.Commands.execute(Commands.java:160)\n\tat com.codeborne.selenide.impl.SelenideElementProxy.dispatchAndRetry(SelenideElementProxy.java:131)\n\t... 38 more\n","steps":[{"name":"$(\"input[name='title']\") append(Test Case 1)","time":{"start":1761934752016,"stop":1761934752205,"duration":189},"status":"passed","steps":[],"attachments":[],"parameters":[],"stepsCount":0,"shouldDisplayMessage":false,"attachmentsCount":0,"hasContent":false,"attachmentStep":false},{"name":"$(\".toastui-editor-ww-container .ProseMirror-trailingBreak:first-child\") append(Description)","time":{"start":1761934752205,"stop":1761934757475,"duration":5270},"status":"failed","statusMessage":"Element not found {.toastui-editor-ww-container .ProseMirror-trailingBreak:first-child}\nExpected: exist\nScreenshot: file:/home/runner/work/QASE/QASE/build/reports/tests/1761934757312.1.png\nPage source: file:/home/runner/work/QASE/QASE/build/reports/tests/1761934757312.1.html\nTimeout: 5 s.\nCaused by: NoSuchElementException: no such element: Unable to locate element: {\"method\":\"css selector\",\"selector\":\".toastui-editor-ww-container .ProseMirror-trailingBreak:first-child\"}","statusTrace":"Element not found {.toastui-editor-ww-container .ProseMirror-trailingBreak:first-child}\nExpected: exist\nScreenshot: file:/home/runner/work/QASE/QASE/build/reports/tests/1761934757312.1.png\nPage source: file:/home/runner/work/QASE/QASE/build/reports/tests/1761934757312.1.html\nTimeout: 5 s.\nCaused by: NoSuchElementException: no such element: Unable to locate element: {\"method\":\"css selector\",\"selector\":\".toastui-editor-ww-container .ProseMirror-trailingBreak:first-child\"}\n\tat com.codeborne.selenide.impl.WebElementSource.createElementNotFoundError(WebElementSource.java:89)\n\tat com.codeborne.selenide.impl.ElementFinder.createElementNotFoundError(ElementFinder.java:129)\n\tat com.codeborne.selenide.impl.ExceptionWrapper.wrap(ExceptionWrapper.java:25)\n\tat com.codeborne.selenide.impl.SelenideElementProxy.dispatchAndRetry(SelenideElementProxy.java:153)\n\tat com.codeborne.selenide.impl.SelenideElementProxy.invoke(SelenideElementProxy.java:83)\n\tat jdk.proxy2/jdk.proxy2.$Proxy45.append(Unknown Source)\n\tat pages.CasePage.fillCreateCaseForm(CasePage.java:58)\n\tat pages.CasePage.creattingTestCase(CasePage.java:74)\n\tat tests.ui.CaseTest.testCaseShouldHasCorrectSpecs(CaseTest.java:73)\n\tat java.base/jdk.internal.reflect.NativeMethodAccessorImpl.invoke0(Native Method)\n\tat java.base/jdk.internal.reflect.NativeMethodAccessorImpl.invoke(NativeMethodAccessorImpl.java:77)\n\tat java.base/jdk.internal.reflect.DelegatingMethodAccessorImpl.invoke(DelegatingMethodAccessorImpl.java:43)\n\tat java.base/java.lang.reflect.Method.invoke(Method.java:569)\n\tat org.testng.internal.invokers.MethodInvocationHelper.invokeMethod(MethodInvocationHelper.java:141)\n\tat org.testng.internal.invokers.TestInvoker.invokeMethod(TestInvoker.java:686)\n\tat org.testng.internal.invokers.TestInvoker.invokeTestMethod(TestInvoker.java:230)\n\tat org.testng.internal.invokers.MethodRunner.runInSequence(MethodRunner.java:63)\n\tat org.testng.internal.invokers.TestInvoker$MethodInvocationAgent.invoke(TestInvoker.java:992)\n\tat org.testng.internal.invokers.TestInvoker.invokeTestMethods(TestInvoker.java:203)\n\tat org.testng.internal.invokers.TestMethodWorker.invokeTestMethods(TestMethodWorker.java:154)\n\tat org.testng.internal.invokers.TestMethodWorker.run(TestMethodWorker.java:134)\n\tat java.base/java.util.ArrayList.forEach(ArrayList.java:1511)\n\tat org.testng.TestRunner.privateRun(TestRunner.java:739)\n\tat org.testng.TestRunner.run(TestRunner.java:614)\n\tat org.testng.SuiteRunner.runTest(SuiteRunner.java:421)\n\tat org.testng.SuiteRunner.runSequentially(SuiteRunner.java:413)\n\tat org.testng.SuiteRunner.privateRun(SuiteRunner.java:373)\n\tat org.testng.SuiteRunner.run(SuiteRunner.java:312)\n\tat org.testng.SuiteRunnerWorker.runSuite(SuiteRunnerWorker.java:52)\n\tat org.testng.SuiteRunnerWorker.run(SuiteRunnerWorker.java:95)\n\tat org.testng.TestNG.runSuitesSequentially(TestNG.java:1274)\n\tat org.testng.TestNG.runSuitesLocally(TestNG.java:1208)\n\tat org.testng.TestNG.runSuites(TestNG.java:1112)\n\tat org.testng.TestNG.run(TestNG.java:1079)\n\tat org.apache.maven.surefire.testng.TestNGExecutor.run(TestNGExecutor.java:155)\n\tat org.apache.maven.surefire.testng.TestNGDirectoryTestSuite.executeMulti(TestNGDirectoryTestSuite.java:169)\n\tat org.apache.maven.surefire.testng.TestNGDirectoryTestSuite.execute(TestNGDirectoryTestSuite.java:88)\n\tat org.apache.maven.surefire.testng.TestNGProvider.invoke(TestNGProvider.java:137)\n\tat org.apache.maven.surefire.booter.ForkedBooter.runSuitesInProcess(ForkedBooter.java:385)\n\tat org.apache.maven.surefire.booter.ForkedBooter.execute(ForkedBooter.java:162)\n\tat org.apache.maven.surefire.booter.ForkedBooter.run(ForkedBooter.java:507)\n\tat org.apache.maven.surefire.booter.ForkedBooter.main(ForkedBooter.java:495)\nCaused by: org.openqa.selenium.NoSuchElementException: no such element: Unable to locate element: {\"method\":\"css selector\",\"selector\":\".toastui-editor-ww-container .ProseMirror-trailingBreak:first-child\"}\n  (Session info: chrome=142.0.7444.59)\nFor documentation on this error, please visit: https://www.selenium.dev/documentation/webdriver/troubleshooting/errors#no-such-element-exception\nBuild info: version: '4.35.0', revision: '1c58e5028b'\nSystem info: os.name: 'Linux', os.arch: 'amd64', os.version: '6.11.0-1018-azure', java.version: '17.0.17'\nDriver info: org.openqa.selenium.chrome.ChromeDriver\nCommand: [2caa7ce83593d59d5661ed129c64bba3, findElement {value=.toastui-editor-ww-container .ProseMirror-trailingBreak:first-child, using=css selector}]\nCapabilities {acceptInsecureCerts: true, browserName: chrome, browserVersion: 142.0.7444.59, chrome: {chromedriverVersion: 142.0.7444.59 (4b8153ab58d3..., userDataDir: /tmp/.org.chromium.Chromium...}, fedcm:accounts: true, goog:chromeOptions: {debuggerAddress: localhost:40281}, goog:processID: 3002, networkConnectionEnabled: false, pageLoadStrategy: normal, platformName: linux, proxy: Proxy(), se:cdp: ws://localhost:40281/devtoo..., se:cdpVersion: 142.0.7444.59, setWindowRect: true, strictFileInteractability: false, timeouts: {implicit: 0, pageLoad: 300000, script: 30000}, unhandledPromptBehavior: accept, webauthn:extension:credBlob: true, webauthn:extension:largeBlob: true, webauthn:extension:minPinLength: true, webauthn:extension:prf: true, webauthn:virtualAuthenticators: true}\nSession ID: 2caa7ce83593d59d5661ed129c64bba3\n\tat jdk.internal.reflect.GeneratedConstructorAccessor75.newInstance(Unknown Source)\n\tat java.base/jdk.internal.reflect.DelegatingConstructorAccessorImpl.newInstance(DelegatingConstructorAccessorImpl.java:45)\n\tat java.base/java.lang.reflect.Constructor.newInstanceWithCaller(Constructor.java:500)\n\tat java.base/java.lang.reflect.Constructor.newInstance(Constructor.java:481)\n\tat org.openqa.selenium.remote.ErrorCodec.decode(ErrorCodec.java:167)\n\tat org.openqa.selenium.remote.codec.w3c.W3CHttpResponseCodec.decode(W3CHttpResponseCodec.java:138)\n\tat org.openqa.selenium.remote.codec.w3c.W3CHttpResponseCodec.decode(W3CHttpResponseCodec.java:50)\n\tat org.openqa.selenium.remote.HttpCommandExecutor.execute(HttpCommandExecutor.java:215)\n\tat org.openqa.selenium.remote.service.DriverCommandExecutor.invokeExecute(DriverCommandExecutor.java:216)\n\tat org.openqa.selenium.remote.service.DriverCommandExecutor.execute(DriverCommandExecutor.java:174)\n\tat org.openqa.selenium.remote.RemoteWebDriver.execute(RemoteWebDriver.java:557)\n\tat org.openqa.selenium.remote.ElementLocation$ElementFinder$2.findElement(ElementLocation.java:165)\n\tat org.openqa.selenium.remote.ElementLocation.findElement(ElementLocation.java:59)\n\tat org.openqa.selenium.remote.RemoteWebDriver.findElement(RemoteWebDriver.java:380)\n\tat org.openqa.selenium.remote.RemoteWebDriver.findElement(RemoteWebDriver.java:374)\n\tat com.codeborne.selenide.impl.WebElementSelector.findElement(WebElementSelector.java:67)\n\tat com.codeborne.selenide.impl.WebElementSelector.findElement(WebElementSelector.java:38)\n\tat com.codeborne.selenide.impl.WebElementSelector.findElement(WebElementSelector.java:29)\n\tat com.codeborne.selenide.impl.ElementFinder.getWebElement(ElementFinder.java:113)\n\tat com.codeborne.selenide.commands.Append.execute(Append.java:13)\n\tat com.codeborne.selenide.FluentCommand.execute(FluentCommand.java:27)\n\tat com.codeborne.selenide.FluentCommand.execute(FluentCommand.java:19)\n\tat com.codeborne.selenide.commands.Commands.execute(Commands.java:160)\n\tat com.codeborne.selenide.impl.SelenideElementProxy.dispatchAndRetry(SelenideElementProxy.java:131)\n\t... 38 more\n","steps":[],"attachments":[{"uid":"ebf4aedec6b5a1c6","name":"Screenshot","source":"ebf4aedec6b5a1c6.png","type":"image/png","size":102928},{"uid":"ec679075461e728a","name":"Page source","source":"ec679075461e728a.html","type":"text/html","size":107593}],"parameters":[],"stepsCount":0,"shouldDisplayMessage":true,"attachmentsCount":2,"hasContent":true,"attachmentStep":false}],"attachments":[],"parameters":[{"name":"testCase","value":"TestCase(title=Test Case 1, status=Draft, description=Description, suite=null, severity=Blocker, priority=High, type=Functional, layer=null, isFlaky=true, behavior=Positive, automationStatus=Manual, preconditions=null, postconditions=null, tags=null, attachments=null, steps=null)"}],"stepsCount":2,"shouldDisplayMessage":false,"attachmentsCount":2,"hasContent":true,"attachmentStep":false}],"attachments":[],"parameters":[{"name":"testCase","value":"TestCase(title=Test Case 1, status=Draft, description=Description, suite=null, severity=Blocker, priority=High, type=Functional, layer=null, isFlaky=true, behavior=Positive, automationStatus=Manual, preconditions=null, postconditions=null, tags=null, attachments=null, steps=null)"}],"stepsCount":7,"shouldDisplayMessage":false,"attachmentsCount":2,"hasContent":true,"attachmentStep":false}],"attachments":[],"parameters":[],"stepsCount":25,"shouldDisplayMessage":false,"attachmentsCount":2,"hasContent":true,"attachmentStep":false},"afterStages":[{"name":"Browser teardown","time":{"start":1761934757478,"stop":1761934758181,"duration":703},"description":"Browser teardown","status":"passed","steps":[{"name":"$(\"webdriver\") close()","time":{"start":1761934757542,"stop":1761934757614,"duration":72},"status":"passed","steps":[],"attachments":[],"parameters":[],"stepsCount":0,"shouldDisplayMessage":false,"attachmentsCount":0,"hasContent":false,"attachmentStep":false},{"name":"Удаление всех проектов","time":{"start":1761934757614,"stop":1761934758180,"duration":566},"status":"passed","steps":[{"name":"Получение списка всех проектов","time":{"start":1761934757614,"stop":1761934757879,"duration":265},"status":"passed","steps":[],"attachments":[{"uid":"f75e9babc762e0cc","name":"Request","source":"f75e9babc762e0cc.html","type":"text/html","size":537},{"uid":"ee2226fe3f5c7033","name":"HTTP/1.1 200 OK","source":"ee2226fe3f5c7033.html","type":"text/html","size":1292}],"parameters":[],"stepsCount":0,"shouldDisplayMessage":false,"attachmentsCount":2,"hasContent":true,"attachmentStep":false},{"name":"Удаление проекта TMS","time":{"start":1761934757879,"stop":1761934758180,"duration":301},"status":"passed","steps":[],"attachments":[{"uid":"7a8b61d977e4e235","name":"Request","source":"7a8b61d977e4e235.html","type":"text/html","size":507},{"uid":"6383de61c4bfb28d","name":"HTTP/1.1 200 OK","source":"6383de61c4bfb28d.html","type":"text/html","size":495}],"parameters":[{"name":"code","value":"TMS"}],"stepsCount":0,"shouldDisplayMessage":false,"attachmentsCount":2,"hasContent":true,"attachmentStep":false}],"attachments":[],"parameters":[],"stepsCount":2,"shouldDisplayMessage":false,"attachmentsCount":4,"hasContent":true,"attachmentStep":false}],"attachments":[{"uid":"9abc7e274e8e56ea","name":"Screenshot on failure","source":"9abc7e274e8e56ea.png","type":"image/png","size":102928}],"parameters":[],"stepsCount":4,"shouldDisplayMessage":false,"attachmentsCount":5,"hasContent":true,"attachmentStep":false}],"labels":[{"name":"package","value":"tests.ui.CaseTest"},{"name":"testClass","value":"tests.ui.CaseTest"},{"name":"testMethod","value":"testCaseShouldHasCorrectSpecs"},{"name":"parentSuite","value":"Surefire suite"},{"name":"suite","value":"Surefire test"},{"name":"subSuite","value":"tests.ui.CaseTest"},{"name":"host","value":"runnervmf2e7y"},{"name":"thread","value":"2616@runnervmf2e7y.main(1)"},{"name":"framework","value":"testng"},{"name":"language","value":"java"},{"name":"epic","value":"UI Tests"},{"name":"resultFormat","value":"allure2"}],"parameters":[{"name":"arg0","value":"TestCase(title=Test Case 1, status=Draft, description=Description, suite=null, severity=Blocker, priority=High, type=Functional, layer=null, isFlaky=true, behavior=Positive, automationStatus=Manual, preconditions=null, postconditions=null, tags=null, attachments=null, steps=null)"}],"links":[],"hidden":false,"retry":false,"extra":{"severity":"normal","retries":[],"categories":[{"name":"Product defects","matchedStatuses":[],"flaky":false}],"history":{"statistic":{"failed":2,"broken":0,"skipped":0,"passed":3,"unknown":0,"total":5},"items":[{"uid":"7f2090a86c4b382b","reportUrl":"https://VikaAQA.github.io/QASE/21/#testresult/7f2090a86c4b382b","status":"failed","statusDetails":"Element not found {.toastui-editor-ww-container .ProseMirror-trailingBreak:first-child}\nExpected: exist\nScreenshot: file:/home/runner/work/QASE/QASE/build/reports/tests/1761329910598.1.png\nPage source: file:/home/runner/work/QASE/QASE/build/reports/tests/1761329910598.1.html\nTimeout: 5 s.\nCaused by: NoSuchElementException: no such element: Unable to locate element: {\"method\":\"css selector\",\"selector\":\".toastui-editor-ww-container .ProseMirror-trailingBreak:first-child\"}","time":{"start":1761329899651,"stop":1761329910765,"duration":11114}},{"uid":"873780cfbc79c8c9","reportUrl":"https://VikaAQA.github.io/QASE/20/#testresult/873780cfbc79c8c9","status":"passed","time":{"start":1760724905980,"stop":1760724919677,"duration":13697}},{"uid":"930586c6ea90d1e8","reportUrl":"https://VikaAQA.github.io/QASE/19/#testresult/930586c6ea90d1e8","status":"passed","time":{"start":1760120285693,"stop":1760120297789,"duration":12096}},{"uid":"ef8aad73212f5513","reportUrl":"https://VikaAQA.github.io/QASE/18/#testresult/ef8aad73212f5513","status":"passed","time":{"start":1759929617190,"stop":1759929627557,"duration":10367}}]},"tags":[]},"source":"a9851dc9997d8cc1.json","parameterValues":["TestCase(title=Test Case 1, status=Draft, description=Description, suite=null, severity=Blocker, priority=High, type=Functional, layer=null, isFlaky=true, behavior=Positive, automationStatus=Manual, preconditions=null, postconditions=null, tags=null, attachments=null, steps=null)"]}