{"uid":"e4ccbf4b8ad6b624","name":"Создание тест-кейса через UI","fullName":"tests.ui.CaseTest.checkCreateCase","historyId":"918df36ce44167ad783b82f34840f9bb","time":{"start":1760724894216,"stop":1760724905457,"duration":11241},"description":"Проверка, что пользователь может создать тест-кейс через веб-интерфейс","descriptionHtml":"<p>Проверка, что пользователь может создать тест-кейс через веб-интерфейс</p>\n","status":"failed","statusMessage":"Test Case is not created or more than 1 test cases were created expected [1] but found [0]","statusTrace":"java.lang.AssertionError: Test Case is not created or more than 1 test cases were created expected [1] but found [0]\n\tat org.testng.Assert.fail(Assert.java:111)\n\tat org.testng.Assert.failNotEquals(Assert.java:1578)\n\tat org.testng.Assert.assertEqualsImpl(Assert.java:150)\n\tat org.testng.Assert.assertEquals(Assert.java:132)\n\tat org.testng.Assert.assertEquals(Assert.java:1419)\n\tat org.testng.Assert.assertEquals(Assert.java:1383)\n\tat pages.CasePage.checkThatTestCaseIsCreated(CasePage.java:107)\n\tat tests.ui.CaseTest.checkCreateCase(CaseTest.java:24)\n\tat java.base/jdk.internal.reflect.NativeMethodAccessorImpl.invoke0(Native Method)\n\tat java.base/jdk.internal.reflect.NativeMethodAccessorImpl.invoke(NativeMethodAccessorImpl.java:77)\n\tat java.base/jdk.internal.reflect.DelegatingMethodAccessorImpl.invoke(DelegatingMethodAccessorImpl.java:43)\n\tat java.base/java.lang.reflect.Method.invoke(Method.java:569)\n\tat org.testng.internal.invokers.MethodInvocationHelper.invokeMethod(MethodInvocationHelper.java:141)\n\tat org.testng.internal.invokers.TestInvoker.invokeMethod(TestInvoker.java:686)\n\tat org.testng.internal.invokers.TestInvoker.invokeTestMethod(TestInvoker.java:230)\n\tat org.testng.internal.invokers.MethodRunner.runInSequence(MethodRunner.java:63)\n\tat org.testng.internal.invokers.TestInvoker$MethodInvocationAgent.invoke(TestInvoker.java:992)\n\tat org.testng.internal.invokers.TestInvoker.invokeTestMethods(TestInvoker.java:203)\n\tat org.testng.internal.invokers.TestMethodWorker.invokeTestMethods(TestMethodWorker.java:154)\n\tat org.testng.internal.invokers.TestMethodWorker.run(TestMethodWorker.java:134)\n\tat java.base/java.util.ArrayList.forEach(ArrayList.java:1511)\n\tat org.testng.TestRunner.privateRun(TestRunner.java:739)\n\tat org.testng.TestRunner.run(TestRunner.java:614)\n\tat org.testng.SuiteRunner.runTest(SuiteRunner.java:421)\n\tat org.testng.SuiteRunner.runSequentially(SuiteRunner.java:413)\n\tat org.testng.SuiteRunner.privateRun(SuiteRunner.java:373)\n\tat org.testng.SuiteRunner.run(SuiteRunner.java:312)\n\tat org.testng.SuiteRunnerWorker.runSuite(SuiteRunnerWorker.java:52)\n\tat org.testng.SuiteRunnerWorker.run(SuiteRunnerWorker.java:95)\n\tat org.testng.TestNG.runSuitesSequentially(TestNG.java:1274)\n\tat org.testng.TestNG.runSuitesLocally(TestNG.java:1208)\n\tat org.testng.TestNG.runSuites(TestNG.java:1112)\n\tat org.testng.TestNG.run(TestNG.java:1079)\n\tat org.apache.maven.surefire.testng.TestNGExecutor.run(TestNGExecutor.java:155)\n\tat org.apache.maven.surefire.testng.TestNGDirectoryTestSuite.executeMulti(TestNGDirectoryTestSuite.java:169)\n\tat org.apache.maven.surefire.testng.TestNGDirectoryTestSuite.execute(TestNGDirectoryTestSuite.java:88)\n\tat org.apache.maven.surefire.testng.TestNGProvider.invoke(TestNGProvider.java:137)\n\tat org.apache.maven.surefire.booter.ForkedBooter.runSuitesInProcess(ForkedBooter.java:385)\n\tat org.apache.maven.surefire.booter.ForkedBooter.execute(ForkedBooter.java:162)\n\tat org.apache.maven.surefire.booter.ForkedBooter.run(ForkedBooter.java:507)\n\tat org.apache.maven.surefire.booter.ForkedBooter.main(ForkedBooter.java:495)\n","flaky":false,"newFailed":true,"newBroken":false,"newPassed":false,"retriesCount":0,"retriesStatusChange":false,"beforeStages":[{"name":"Environment setup","time":{"start":1760724894211,"stop":1760724894211,"duration":0},"description":"Environment setup","status":"passed","steps":[],"attachments":[],"parameters":[],"stepsCount":0,"shouldDisplayMessage":false,"attachmentsCount":0,"hasContent":false,"attachmentStep":false}],"testStage":{"description":"Проверка, что пользователь может создать тест-кейс через веб-интерфейс","status":"failed","statusMessage":"Test Case is not created or more than 1 test cases were created expected [1] but found [0]","statusTrace":"java.lang.AssertionError: Test Case is not created or more than 1 test cases were created expected [1] but found [0]\n\tat org.testng.Assert.fail(Assert.java:111)\n\tat org.testng.Assert.failNotEquals(Assert.java:1578)\n\tat org.testng.Assert.assertEqualsImpl(Assert.java:150)\n\tat org.testng.Assert.assertEquals(Assert.java:132)\n\tat org.testng.Assert.assertEquals(Assert.java:1419)\n\tat org.testng.Assert.assertEquals(Assert.java:1383)\n\tat pages.CasePage.checkThatTestCaseIsCreated(CasePage.java:107)\n\tat tests.ui.CaseTest.checkCreateCase(CaseTest.java:24)\n\tat java.base/jdk.internal.reflect.NativeMethodAccessorImpl.invoke0(Native Method)\n\tat java.base/jdk.internal.reflect.NativeMethodAccessorImpl.invoke(NativeMethodAccessorImpl.java:77)\n\tat java.base/jdk.internal.reflect.DelegatingMethodAccessorImpl.invoke(DelegatingMethodAccessorImpl.java:43)\n\tat java.base/java.lang.reflect.Method.invoke(Method.java:569)\n\tat org.testng.internal.invokers.MethodInvocationHelper.invokeMethod(MethodInvocationHelper.java:141)\n\tat org.testng.internal.invokers.TestInvoker.invokeMethod(TestInvoker.java:686)\n\tat org.testng.internal.invokers.TestInvoker.invokeTestMethod(TestInvoker.java:230)\n\tat org.testng.internal.invokers.MethodRunner.runInSequence(MethodRunner.java:63)\n\tat org.testng.internal.invokers.TestInvoker$MethodInvocationAgent.invoke(TestInvoker.java:992)\n\tat org.testng.internal.invokers.TestInvoker.invokeTestMethods(TestInvoker.java:203)\n\tat org.testng.internal.invokers.TestMethodWorker.invokeTestMethods(TestMethodWorker.java:154)\n\tat org.testng.internal.invokers.TestMethodWorker.run(TestMethodWorker.java:134)\n\tat java.base/java.util.ArrayList.forEach(ArrayList.java:1511)\n\tat org.testng.TestRunner.privateRun(TestRunner.java:739)\n\tat org.testng.TestRunner.run(TestRunner.java:614)\n\tat org.testng.SuiteRunner.runTest(SuiteRunner.java:421)\n\tat org.testng.SuiteRunner.runSequentially(SuiteRunner.java:413)\n\tat org.testng.SuiteRunner.privateRun(SuiteRunner.java:373)\n\tat org.testng.SuiteRunner.run(SuiteRunner.java:312)\n\tat org.testng.SuiteRunnerWorker.runSuite(SuiteRunnerWorker.java:52)\n\tat org.testng.SuiteRunnerWorker.run(SuiteRunnerWorker.java:95)\n\tat org.testng.TestNG.runSuitesSequentially(TestNG.java:1274)\n\tat org.testng.TestNG.runSuitesLocally(TestNG.java:1208)\n\tat org.testng.TestNG.runSuites(TestNG.java:1112)\n\tat org.testng.TestNG.run(TestNG.java:1079)\n\tat org.apache.maven.surefire.testng.TestNGExecutor.run(TestNGExecutor.java:155)\n\tat org.apache.maven.surefire.testng.TestNGDirectoryTestSuite.executeMulti(TestNGDirectoryTestSuite.java:169)\n\tat org.apache.maven.surefire.testng.TestNGDirectoryTestSuite.execute(TestNGDirectoryTestSuite.java:88)\n\tat org.apache.maven.surefire.testng.TestNGProvider.invoke(TestNGProvider.java:137)\n\tat org.apache.maven.surefire.booter.ForkedBooter.runSuitesInProcess(ForkedBooter.java:385)\n\tat org.apache.maven.surefire.booter.ForkedBooter.execute(ForkedBooter.java:162)\n\tat org.apache.maven.surefire.booter.ForkedBooter.run(ForkedBooter.java:507)\n\tat org.apache.maven.surefire.booter.ForkedBooter.main(ForkedBooter.java:495)\n","steps":[{"name":"Авторизация и открытие страницы Projects","time":{"start":1760724894216,"stop":1760724898389,"duration":4173},"status":"passed","steps":[{"name":"Открытие страницы авторизации","time":{"start":1760724894216,"stop":1760724895647,"duration":1431},"status":"passed","steps":[{"name":"$(\"open\") https://app.qase.io/login","time":{"start":1760724894216,"stop":1760724895647,"duration":1431},"status":"passed","steps":[{"name":"$(\"webdriver\") create()","time":{"start":1760724894217,"stop":1760724894524,"duration":307},"status":"passed","steps":[],"attachments":[],"parameters":[],"stepsCount":0,"shouldDisplayMessage":false,"attachmentsCount":0,"hasContent":false,"attachmentStep":false}],"attachments":[],"parameters":[],"stepsCount":1,"shouldDisplayMessage":false,"attachmentsCount":0,"hasContent":true,"attachmentStep":false}],"attachments":[],"parameters":[],"stepsCount":2,"shouldDisplayMessage":false,"attachmentsCount":0,"hasContent":true,"attachmentStep":false},{"name":"Авторизация под валидными данными","time":{"start":1760724895648,"stop":1760724896116,"duration":468},"status":"passed","steps":[{"name":"$(\"[name=email]\") should be(visible)","time":{"start":1760724895648,"stop":1760724895676,"duration":28},"status":"passed","steps":[],"attachments":[],"parameters":[],"stepsCount":0,"shouldDisplayMessage":false,"attachmentsCount":0,"hasContent":false,"attachmentStep":false},{"name":"$(\"[name=email]\") set value(viktoriaportnenko@gmail.com)","time":{"start":1760724895676,"stop":1760724895926,"duration":250},"status":"passed","steps":[],"attachments":[],"parameters":[],"stepsCount":0,"shouldDisplayMessage":false,"attachmentsCount":0,"hasContent":false,"attachmentStep":false},{"name":"$(\"[name='password']\") set value(w.7U4g9PJW-CQY@)","time":{"start":1760724895927,"stop":1760724896064,"duration":137},"status":"passed","steps":[],"attachments":[],"parameters":[],"stepsCount":0,"shouldDisplayMessage":false,"attachmentsCount":0,"hasContent":false,"attachmentStep":false},{"name":"$(\"[name='password']\") submit()","time":{"start":1760724896065,"stop":1760724896116,"duration":51},"status":"passed","steps":[],"attachments":[],"parameters":[],"stepsCount":0,"shouldDisplayMessage":false,"attachmentsCount":0,"hasContent":false,"attachmentStep":false}],"attachments":[],"parameters":[{"name":"user","value":"viktoriaportnenko@gmail.com"},{"name":"password","value":"w.7U4g9PJW-CQY@"}],"stepsCount":4,"shouldDisplayMessage":false,"attachmentsCount":0,"hasContent":true,"attachmentStep":false},{"name":"Ожидание загрузки страницы проектов","time":{"start":1760724896116,"stop":1760724898389,"duration":2273},"status":"passed","steps":[{"name":"$(\"by text: Create new project\") should be([visible, 90 s.])","time":{"start":1760724896116,"stop":1760724898389,"duration":2273},"status":"passed","steps":[],"attachments":[],"parameters":[],"stepsCount":0,"shouldDisplayMessage":false,"attachmentsCount":0,"hasContent":false,"attachmentStep":false}],"attachments":[],"parameters":[],"stepsCount":1,"shouldDisplayMessage":false,"attachmentsCount":0,"hasContent":true,"attachmentStep":false}],"attachments":[],"parameters":[],"stepsCount":10,"shouldDisplayMessage":false,"attachmentsCount":0,"hasContent":true,"attachmentStep":false},{"name":"Создание нового проекта с именем: 'TMS'","time":{"start":1760724898389,"stop":1760724898673,"duration":284},"status":"passed","steps":[{"name":"$(\"by text: Create new project\") click()","time":{"start":1760724898389,"stop":1760724898480,"duration":91},"status":"passed","steps":[],"attachments":[],"parameters":[],"stepsCount":0,"shouldDisplayMessage":false,"attachmentsCount":0,"hasContent":false,"attachmentStep":false},{"name":"$(\"#project-name\") set value(TMS)","time":{"start":1760724898481,"stop":1760724898573,"duration":92},"status":"passed","steps":[],"attachments":[],"parameters":[],"stepsCount":0,"shouldDisplayMessage":false,"attachmentsCount":0,"hasContent":false,"attachmentStep":false},{"name":"$(\"input[value='public']\") click()","time":{"start":1760724898573,"stop":1760724898620,"duration":47},"status":"passed","steps":[],"attachments":[],"parameters":[],"stepsCount":0,"shouldDisplayMessage":false,"attachmentsCount":0,"hasContent":false,"attachmentStep":false},{"name":"$(\"input[value='public']\") should be(selected)","time":{"start":1760724898621,"stop":1760724898635,"duration":14},"status":"passed","steps":[],"attachments":[],"parameters":[],"stepsCount":0,"shouldDisplayMessage":false,"attachmentsCount":0,"hasContent":false,"attachmentStep":false},{"name":"$(\"by text: Create project\") click()","time":{"start":1760724898635,"stop":1760724898673,"duration":38},"status":"passed","steps":[],"attachments":[],"parameters":[],"stepsCount":0,"shouldDisplayMessage":false,"attachmentsCount":0,"hasContent":false,"attachmentStep":false}],"attachments":[],"parameters":[{"name":"project","value":"TMS"}],"stepsCount":5,"shouldDisplayMessage":false,"attachmentsCount":0,"hasContent":true,"attachmentStep":false},{"name":"Создание нового тест-кейса через UI","time":{"start":1760724898683,"stop":1760724901509,"duration":2826},"status":"passed","steps":[{"name":"Открытие страницы создания тест-кейса","time":{"start":1760724898683,"stop":1760724900191,"duration":1508},"status":"passed","steps":[{"name":"$(\"by text: New test\") should be([visible, 60 s.])","time":{"start":1760724898683,"stop":1760724899843,"duration":1160},"status":"passed","steps":[],"attachments":[],"parameters":[],"stepsCount":0,"shouldDisplayMessage":false,"attachmentsCount":0,"hasContent":false,"attachmentStep":false},{"name":"$(\"by text: New test\") click()","time":{"start":1760724899843,"stop":1760724899884,"duration":41},"status":"passed","steps":[],"attachments":[],"parameters":[],"stepsCount":0,"shouldDisplayMessage":false,"attachmentsCount":0,"hasContent":false,"attachmentStep":false},{"name":"$(\"by text: Title\") should be(visible)","time":{"start":1760724899884,"stop":1760724900191,"duration":307},"status":"passed","steps":[],"attachments":[],"parameters":[],"stepsCount":0,"shouldDisplayMessage":false,"attachmentsCount":0,"hasContent":false,"attachmentStep":false}],"attachments":[],"parameters":[],"stepsCount":3,"shouldDisplayMessage":false,"attachmentsCount":0,"hasContent":true,"attachmentStep":false},{"name":"Заполнение формы тест-кейса данными: TestCase(title=A Time to Kill, status=Actual, description=Totam consequatur nobis aliquam id sit autem aliquam., suite=null, severity=Major, priority=Medium, type=Functional, layer=null, isFlaky=false, behavior=null, automationStatus=null, preconditions=null, postconditions=null, tags=null, attachments=null, steps=null)","time":{"start":1760724900191,"stop":1760724901464,"duration":1273},"status":"passed","steps":[{"name":"$(\"input[name='title']\") append(A Time to Kill)","time":{"start":1760724900192,"stop":1760724900445,"duration":253},"status":"passed","steps":[],"attachments":[],"parameters":[],"stepsCount":0,"shouldDisplayMessage":false,"attachmentsCount":0,"hasContent":false,"attachmentStep":false},{"name":"$(\".toastui-editor-ww-container .ProseMirror-trailingBreak:first-child\") append(Totam consequatur nobis aliquam id sit autem aliquam.)","time":{"start":1760724900446,"stop":1760724901176,"duration":730},"status":"passed","steps":[],"attachments":[],"parameters":[],"stepsCount":0,"shouldDisplayMessage":false,"attachmentsCount":0,"hasContent":false,"attachmentStep":false},{"name":"$(\"By.xpath: //label[text()='Status']/following-sibling::div//span\") click()","time":{"start":1760724901176,"stop":1760724901212,"duration":36},"status":"passed","steps":[],"attachments":[],"parameters":[],"stepsCount":0,"shouldDisplayMessage":false,"attachmentsCount":0,"hasContent":false,"attachmentStep":false},{"name":"$(\"By.xpath: //div[text()='Actual']\") click()","time":{"start":1760724901212,"stop":1760724901246,"duration":34},"status":"passed","steps":[],"attachments":[],"parameters":[],"stepsCount":0,"shouldDisplayMessage":false,"attachmentsCount":0,"hasContent":false,"attachmentStep":false},{"name":"$(\"By.xpath: //label[text()='Severity']/following-sibling::div//span\") click()","time":{"start":1760724901246,"stop":1760724901279,"duration":33},"status":"passed","steps":[],"attachments":[],"parameters":[],"stepsCount":0,"shouldDisplayMessage":false,"attachmentsCount":0,"hasContent":false,"attachmentStep":false},{"name":"$(\"By.xpath: //div[text()='Major']\") click()","time":{"start":1760724901279,"stop":1760724901319,"duration":40},"status":"passed","steps":[],"attachments":[],"parameters":[],"stepsCount":0,"shouldDisplayMessage":false,"attachmentsCount":0,"hasContent":false,"attachmentStep":false},{"name":"$(\"By.xpath: //label[text()='Type']/following-sibling::div//span\") click()","time":{"start":1760724901319,"stop":1760724901353,"duration":34},"status":"passed","steps":[],"attachments":[],"parameters":[],"stepsCount":0,"shouldDisplayMessage":false,"attachmentsCount":0,"hasContent":false,"attachmentStep":false},{"name":"$(\"By.xpath: //div[text()='Functional']\") click()","time":{"start":1760724901353,"stop":1760724901393,"duration":40},"status":"passed","steps":[],"attachments":[],"parameters":[],"stepsCount":0,"shouldDisplayMessage":false,"attachmentsCount":0,"hasContent":false,"attachmentStep":false},{"name":"$(\"By.xpath: //label[text()='Priority']/following-sibling::div//span\") click()","time":{"start":1760724901393,"stop":1760724901426,"duration":33},"status":"passed","steps":[],"attachments":[],"parameters":[],"stepsCount":0,"shouldDisplayMessage":false,"attachmentsCount":0,"hasContent":false,"attachmentStep":false},{"name":"$(\"By.xpath: //div[text()='Medium']\") click()","time":{"start":1760724901426,"stop":1760724901464,"duration":38},"status":"passed","steps":[],"attachments":[],"parameters":[],"stepsCount":0,"shouldDisplayMessage":false,"attachmentsCount":0,"hasContent":false,"attachmentStep":false}],"attachments":[],"parameters":[{"name":"testCase","value":"TestCase(title=A Time to Kill, status=Actual, description=Totam consequatur nobis aliquam id sit autem aliquam., suite=null, severity=Major, priority=Medium, type=Functional, layer=null, isFlaky=false, behavior=null, automationStatus=null, preconditions=null, postconditions=null, tags=null, attachments=null, steps=null)"}],"stepsCount":10,"shouldDisplayMessage":false,"attachmentsCount":0,"hasContent":true,"attachmentStep":false},{"name":"$(\"by text: Save\") click()","time":{"start":1760724901464,"stop":1760724901509,"duration":45},"status":"passed","steps":[],"attachments":[],"parameters":[],"stepsCount":0,"shouldDisplayMessage":false,"attachmentsCount":0,"hasContent":false,"attachmentStep":false}],"attachments":[],"parameters":[{"name":"testCase","value":"TestCase(title=A Time to Kill, status=Actual, description=Totam consequatur nobis aliquam id sit autem aliquam., suite=null, severity=Major, priority=Medium, type=Functional, layer=null, isFlaky=false, behavior=null, automationStatus=null, preconditions=null, postconditions=null, tags=null, attachments=null, steps=null)"}],"stepsCount":16,"shouldDisplayMessage":false,"attachmentsCount":0,"hasContent":true,"attachmentStep":false},{"name":"Открытие репозитория проекта 'TMS'","time":{"start":1760724901509,"stop":1760724905437,"duration":3928},"status":"passed","steps":[{"name":"$(\"open\") https://app.qase.io/project/TMS","time":{"start":1760724901510,"stop":1760724904785,"duration":3275},"status":"passed","steps":[],"attachments":[],"parameters":[],"stepsCount":0,"shouldDisplayMessage":false,"attachmentsCount":0,"hasContent":false,"attachmentStep":false},{"name":"$(\"by text: New test\") should be([visible, 60 s.])","time":{"start":1760724904785,"stop":1760724905437,"duration":652},"status":"passed","steps":[],"attachments":[],"parameters":[],"stepsCount":0,"shouldDisplayMessage":false,"attachmentsCount":0,"hasContent":false,"attachmentStep":false}],"attachments":[],"parameters":[{"name":"project","value":"TMS"}],"stepsCount":2,"shouldDisplayMessage":false,"attachmentsCount":0,"hasContent":true,"attachmentStep":false},{"name":"Проверка, что тест-кейс успешно создан","time":{"start":1760724905438,"stop":1760724905455,"duration":17},"status":"failed","statusMessage":"Test Case is not created or more than 1 test cases were created expected [1] but found [0]","statusTrace":"java.lang.AssertionError: Test Case is not created or more than 1 test cases were created expected [1] but found [0]\n\tat org.testng.Assert.fail(Assert.java:111)\n\tat org.testng.Assert.failNotEquals(Assert.java:1578)\n\tat org.testng.Assert.assertEqualsImpl(Assert.java:150)\n\tat org.testng.Assert.assertEquals(Assert.java:132)\n\tat org.testng.Assert.assertEquals(Assert.java:1419)\n\tat org.testng.Assert.assertEquals(Assert.java:1383)\n\tat pages.CasePage.checkThatTestCaseIsCreated(CasePage.java:107)\n\tat tests.ui.CaseTest.checkCreateCase(CaseTest.java:24)\n\tat java.base/jdk.internal.reflect.NativeMethodAccessorImpl.invoke0(Native Method)\n\tat java.base/jdk.internal.reflect.NativeMethodAccessorImpl.invoke(NativeMethodAccessorImpl.java:77)\n\tat java.base/jdk.internal.reflect.DelegatingMethodAccessorImpl.invoke(DelegatingMethodAccessorImpl.java:43)\n\tat java.base/java.lang.reflect.Method.invoke(Method.java:569)\n\tat org.testng.internal.invokers.MethodInvocationHelper.invokeMethod(MethodInvocationHelper.java:141)\n\tat org.testng.internal.invokers.TestInvoker.invokeMethod(TestInvoker.java:686)\n\tat org.testng.internal.invokers.TestInvoker.invokeTestMethod(TestInvoker.java:230)\n\tat org.testng.internal.invokers.MethodRunner.runInSequence(MethodRunner.java:63)\n\tat org.testng.internal.invokers.TestInvoker$MethodInvocationAgent.invoke(TestInvoker.java:992)\n\tat org.testng.internal.invokers.TestInvoker.invokeTestMethods(TestInvoker.java:203)\n\tat org.testng.internal.invokers.TestMethodWorker.invokeTestMethods(TestMethodWorker.java:154)\n\tat org.testng.internal.invokers.TestMethodWorker.run(TestMethodWorker.java:134)\n\tat java.base/java.util.ArrayList.forEach(ArrayList.java:1511)\n\tat org.testng.TestRunner.privateRun(TestRunner.java:739)\n\tat org.testng.TestRunner.run(TestRunner.java:614)\n\tat org.testng.SuiteRunner.runTest(SuiteRunner.java:421)\n\tat org.testng.SuiteRunner.runSequentially(SuiteRunner.java:413)\n\tat org.testng.SuiteRunner.privateRun(SuiteRunner.java:373)\n\tat org.testng.SuiteRunner.run(SuiteRunner.java:312)\n\tat org.testng.SuiteRunnerWorker.runSuite(SuiteRunnerWorker.java:52)\n\tat org.testng.SuiteRunnerWorker.run(SuiteRunnerWorker.java:95)\n\tat org.testng.TestNG.runSuitesSequentially(TestNG.java:1274)\n\tat org.testng.TestNG.runSuitesLocally(TestNG.java:1208)\n\tat org.testng.TestNG.runSuites(TestNG.java:1112)\n\tat org.testng.TestNG.run(TestNG.java:1079)\n\tat org.apache.maven.surefire.testng.TestNGExecutor.run(TestNGExecutor.java:155)\n\tat org.apache.maven.surefire.testng.TestNGDirectoryTestSuite.executeMulti(TestNGDirectoryTestSuite.java:169)\n\tat org.apache.maven.surefire.testng.TestNGDirectoryTestSuite.execute(TestNGDirectoryTestSuite.java:88)\n\tat org.apache.maven.surefire.testng.TestNGProvider.invoke(TestNGProvider.java:137)\n\tat org.apache.maven.surefire.booter.ForkedBooter.runSuitesInProcess(ForkedBooter.java:385)\n\tat org.apache.maven.surefire.booter.ForkedBooter.execute(ForkedBooter.java:162)\n\tat org.apache.maven.surefire.booter.ForkedBooter.run(ForkedBooter.java:507)\n\tat org.apache.maven.surefire.booter.ForkedBooter.main(ForkedBooter.java:495)\n","steps":[{"name":"Получение количества тест-кейсов на странице","time":{"start":1760724905438,"stop":1760724905450,"duration":12},"status":"passed","steps":[],"attachments":[],"parameters":[],"stepsCount":0,"shouldDisplayMessage":false,"attachmentsCount":0,"hasContent":false,"attachmentStep":false}],"attachments":[],"parameters":[{"name":"countCase","value":"1"}],"stepsCount":1,"shouldDisplayMessage":true,"attachmentsCount":0,"hasContent":true,"attachmentStep":false}],"attachments":[],"parameters":[],"stepsCount":39,"shouldDisplayMessage":false,"attachmentsCount":0,"hasContent":true,"attachmentStep":false},"afterStages":[{"name":"Browser teardown","time":{"start":1760724905462,"stop":1760724905974,"duration":512},"description":"Browser teardown","status":"passed","steps":[{"name":"$(\"webdriver\") close()","time":{"start":1760724905575,"stop":1760724905657,"duration":82},"status":"passed","steps":[],"attachments":[],"parameters":[],"stepsCount":0,"shouldDisplayMessage":false,"attachmentsCount":0,"hasContent":false,"attachmentStep":false},{"name":"Удаление всех проектов","time":{"start":1760724905657,"stop":1760724905974,"duration":317},"status":"passed","steps":[{"name":"Получение списка всех проектов","time":{"start":1760724905657,"stop":1760724905828,"duration":171},"status":"passed","steps":[],"attachments":[{"uid":"d82fed61c247b4ab","name":"Request","source":"d82fed61c247b4ab.html","type":"text/html","size":537},{"uid":"9387e68721308dc7","name":"HTTP/1.1 200 OK","source":"9387e68721308dc7.html","type":"text/html","size":1292}],"parameters":[],"stepsCount":0,"shouldDisplayMessage":false,"attachmentsCount":2,"hasContent":true,"attachmentStep":false},{"name":"Удаление проекта TMS","time":{"start":1760724905828,"stop":1760724905974,"duration":146},"status":"passed","steps":[],"attachments":[{"uid":"e73d7b71712557f4","name":"Request","source":"e73d7b71712557f4.html","type":"text/html","size":507},{"uid":"fd693f5fc9961fb","name":"HTTP/1.1 200 OK","source":"fd693f5fc9961fb.html","type":"text/html","size":495}],"parameters":[{"name":"code","value":"TMS"}],"stepsCount":0,"shouldDisplayMessage":false,"attachmentsCount":2,"hasContent":true,"attachmentStep":false}],"attachments":[],"parameters":[],"stepsCount":2,"shouldDisplayMessage":false,"attachmentsCount":4,"hasContent":true,"attachmentStep":false}],"attachments":[{"uid":"356d6eeaffae7c23","name":"Screenshot on failure","source":"356d6eeaffae7c23.png","type":"image/png","size":59275}],"parameters":[],"stepsCount":4,"shouldDisplayMessage":false,"attachmentsCount":5,"hasContent":true,"attachmentStep":false}],"labels":[{"name":"package","value":"tests.ui.CaseTest"},{"name":"testClass","value":"tests.ui.CaseTest"},{"name":"testMethod","value":"checkCreateCase"},{"name":"parentSuite","value":"Surefire suite"},{"name":"suite","value":"Surefire test"},{"name":"subSuite","value":"tests.ui.CaseTest"},{"name":"host","value":"runnervmzdgdc"},{"name":"thread","value":"2565@runnervmzdgdc.main(1)"},{"name":"framework","value":"testng"},{"name":"language","value":"java"},{"name":"epic","value":"UI Tests"},{"name":"resultFormat","value":"allure2"}],"parameters":[],"links":[],"hidden":false,"retry":false,"extra":{"severity":"normal","retries":[],"categories":[{"name":"Product defects","matchedStatuses":[],"flaky":false}],"history":{"statistic":{"failed":4,"broken":0,"skipped":2,"passed":7,"unknown":0,"total":13},"items":[{"uid":"11581016b5839e6a","reportUrl":"https://VikaAQA.github.io/QASE/19/#testresult/11581016b5839e6a","status":"passed","time":{"start":1760120246385,"stop":1760120285024,"duration":38639}},{"uid":"e53aac60be9c7d9e","reportUrl":"https://VikaAQA.github.io/QASE/18/#testresult/e53aac60be9c7d9e","status":"passed","time":{"start":1759929558521,"stop":1759929616633,"duration":58112}},{"uid":"444c89515f59bc7a","reportUrl":"https://VikaAQA.github.io/QASE/17/#testresult/444c89515f59bc7a","status":"passed","time":{"start":1759921633936,"stop":1759921658775,"duration":24839}},{"uid":"a1991462ecc4046b","reportUrl":"https://VikaAQA.github.io/QASE/16/#testresult/a1991462ecc4046b","status":"passed","time":{"start":1759756713443,"stop":1759756738632,"duration":25189}},{"uid":"c3a19e8c13da5540","reportUrl":"https://VikaAQA.github.io/QASE/15/#testresult/c3a19e8c13da5540","status":"passed","time":{"start":1759756125151,"stop":1759756151193,"duration":26042}},{"uid":"15b17e6e60059e91","reportUrl":"https://VikaAQA.github.io/QASE/14/#testresult/15b17e6e60059e91","status":"passed","time":{"start":1759755700835,"stop":1759755733955,"duration":33120}},{"uid":"4691b9d7379f2262","reportUrl":"https://VikaAQA.github.io/QASE/13/#testresult/4691b9d7379f2262","status":"passed","time":{"start":1759754905894,"stop":1759754929548,"duration":23654}},{"uid":"d360801b21aa4304","reportUrl":"https://VikaAQA.github.io/QASE/11/#testresult/d360801b21aa4304","status":"failed","statusDetails":"Element not found {by text: Create new project}\nExpected: visible\nScreenshot: file:/home/runner/work/QASE/QASE/build/reports/tests/1759750824885.0.png\nPage source: file:/home/runner/work/QASE/QASE/build/reports/tests/1759750824885.0.html\nTimeout: 90 s.\nCaused by: NoSuchElementException: no such element: Unable to locate element: {\"method\":\"xpath\",\"selector\":\".//*/text()[normalize-space(translate(string(.), '","time":{"start":1759750724083,"stop":1759750825163,"duration":101080}},{"uid":"117a687a2b7b2b67","reportUrl":"https://VikaAQA.github.io/QASE/10/#testresult/117a687a2b7b2b67","status":"failed","statusDetails":"Element not found {by text: Create new project}\nExpected: visible\nScreenshot: file:/home/runner/work/QASE/QASE/build/reports/tests/1759749806081.0.png\nPage source: file:/home/runner/work/QASE/QASE/build/reports/tests/1759749806081.0.html\nTimeout: 90 s.\nCaused by: NoSuchElementException: no such element: Unable to locate element: {\"method\":\"xpath\",\"selector\":\".//*/text()[normalize-space(translate(string(.), '","time":{"start":1759749699979,"stop":1759749806369,"duration":106390}},{"uid":"ba5d540b635cab22","reportUrl":"https://VikaAQA.github.io/QASE/9/#testresult/ba5d540b635cab22","status":"failed","statusDetails":"Element not found {by text: Create new project}\nExpected: visible\nScreenshot: file:/home/runner/work/QASE/QASE/build/reports/tests/1759747763468.0.png\nPage source: file:/home/runner/work/QASE/QASE/build/reports/tests/1759747763468.0.html\nTimeout: 90 s.\nCaused by: NoSuchElementException: no such element: Unable to locate element: {\"method\":\"xpath\",\"selector\":\".//*/text()[normalize-space(translate(string(.), '","time":{"start":1759747646068,"stop":1759747763758,"duration":117690}},{"uid":"63f8f6404ad6070e","reportUrl":"https://VikaAQA.github.io/QASE/8/#testresult/63f8f6404ad6070e","status":"skipped","statusDetails":"Header value cannot be null","time":{"start":1759745836246,"stop":1759745836246,"duration":0}},{"uid":"627b724033ea5fd3","reportUrl":"https://VikaAQA.github.io/QASE/7/#testresult/627b724033ea5fd3","status":"skipped","statusDetails":"Header value cannot be null","time":{"start":1759741865899,"stop":1759741865899,"duration":0}}]},"tags":[]},"source":"e4ccbf4b8ad6b624.json","parameterValues":[]}